<?xml version="1.0" encoding="UTF-8"?>
<testng-results skipped="0" failed="0" ignored="0" total="1" passed="1">
  <reporter-output>
  </reporter-output>
  <suite name="Default suite" duration-ms="34" started-at="2020-08-19T13:03:56Z" finished-at="2020-08-19T13:03:56Z">
    <groups>
    </groups>
    <test name="Default test" duration-ms="34" started-at="2020-08-19T13:03:56Z" finished-at="2020-08-19T13:03:56Z">
      <class name="com.pack.pages.DataTesting">
        <test-method status="PASS" signature="test1()[pri:0, instance:com.pack.pages.DataTesting@42dafa95]" name="test1" duration-ms="14" started-at="2020-08-19T13:03:56Z" finished-at="2020-08-19T13:03:56Z">
          <reporter-output>
          </reporter-output>
        </test-method> <!-- test1 -->
      </class> <!-- com.pack.pages.DataTesting -->
    </test> <!-- Default test -->
  </suite> <!-- Default suite -->
</testng-results>
